{"name": "validate_detail_product_select", "status": "broken", "statusDetails": {"message": "selenium.common.exceptions.NoSuchElementException: Message: An element could not be located on the page using the given search parameters.\nStacktrace:\nNoSuchElementError: An element could not be located on the page using the given search parameters.\n    at AndroidUiautomator2Driver.findElOrEls (C:\\Program Files\\Appium Server GUI\\resources\\app\\node_modules\\appium\\node_modules\\appium-android-driver\\lib\\commands\\find.js:75:11)\n    at runMicrotasks (<anonymous>)\n    at processTicksAndRejections (internal/process/task_queues.js:97:5)\n    at AndroidUiautomator2Driver.findElOrElsWithProcessing (C:\\Program Files\\Appium Server GUI\\resources\\app\\node_modules\\appium\\node_modules\\appium-base-driver\\lib\\basedriver\\commands\\find.js:33:12)\n    at AndroidUiautomator2Driver.findElement (C:\\Program Files\\Appium Server GUI\\resources\\app\\node_modules\\appium\\node_modules\\appium-base-driver\\lib\\basedriver\\commands\\find.js:53:10)\n", "trace": "  File \"E:\\Users\\88433\\PycharmProjects\\AppiumAuto\\venv\\Lib\\site-packages\\behave\\model.py\", line 1329, in run\n    match.run(runner.context)\n  File \"E:\\Users\\88433\\PycharmProjects\\AppiumAuto\\venv\\Lib\\site-packages\\behave\\matchers.py\", line 98, in run\n    self.func(context, *args, **kwargs)\n  File \"E:\\Users\\88433\\PycharmProjects\\AppiumAuto\\Behave\\steps\\detail_product\\checkout_address_steps.py\", line 45, in step_impl\n    check_out.tap_element(*check_out.btn_to_payment)\n  File \"E:\\Users\\88433\\PycharmProjects\\AppiumAuto\\Behave\\utils\\common_actions.py\", line 19, in tap_element\n    action.tap(self.find_element(*locator)).perform()\n               ^^^^^^^^^^^^^^^^^^^^^^^^^^^\n  File \"E:\\Users\\88433\\PycharmProjects\\AppiumAuto\\Behave\\utils\\common_actions.py\", line 11, in find_element\n    return self.driver.find_element(*locator)\n           ^^^^^^^^^^^^^^^^^^^^^^^^^^^^^^^^^^\n  File \"E:\\Users\\88433\\PycharmProjects\\AppiumAuto\\venv\\Lib\\site-packages\\appium\\webdriver\\webdriver.py\", line 383, in find_element\n    return self.execute(RemoteCommand.FIND_ELEMENT, {'using': by, 'value': value})['value']\n           ^^^^^^^^^^^^^^^^^^^^^^^^^^^^^^^^^^^^^^^^^^^^^^^^^^^^^^^^^^^^^^^^^^^^^^^\n  File \"E:\\Users\\88433\\PycharmProjects\\AppiumAuto\\venv\\Lib\\site-packages\\selenium\\webdriver\\remote\\webdriver.py\", line 440, in execute\n    self.error_handler.check_response(response)\n  File \"E:\\Users\\88433\\PycharmProjects\\AppiumAuto\\venv\\Lib\\site-packages\\appium\\webdriver\\errorhandler.py\", line 30, in check_response\n    raise wde\n  File \"E:\\Users\\88433\\PycharmProjects\\AppiumAuto\\venv\\Lib\\site-packages\\appium\\webdriver\\errorhandler.py\", line 26, in check_response\n    super().check_response(response)\n  File \"E:\\Users\\88433\\PycharmProjects\\AppiumAuto\\venv\\Lib\\site-packages\\selenium\\webdriver\\remote\\errorhandler.py\", line 245, in check_response\n    raise exception_class(message, screen, stacktrace)\n"}, "steps": [{"name": "Given we are in the Home Page", "status": "passed", "start": 1677791336793, "stop": 1677791337812}, {"name": "When we tap in product", "status": "passed", "start": 1677791337812, "stop": 1677791338098}, {"name": "When we tap Add To Cart button", "status": "passed", "start": 1677791338098, "stop": 1677791339307}, {"name": "When we tap To cart badge", "status": "passed", "start": 1677791339307, "stop": 1677791340168}, {"name": "Then we see to detail product name to select label", "status": "passed", "start": 1677791340168, "stop": 1677791341165}, {"name": "And we see to detail product price", "status": "passed", "start": 1677791341165, "stop": 1677791341249}, {"name": "When we tap Proceed To Checkout button", "status": "passed", "start": 1677791341249, "stop": 1677791341532}, {"name": "When we enter the correct username to buy", "status": "passed", "start": 1677791341532, "stop": 1677791342610}, {"name": "When we enter the correct password to buy", "status": "passed", "start": 1677791342610, "stop": 1677791343286}, {"name": "When we tap button Login to buy", "status": "passed", "start": 1677791343286, "stop": 1677791344085}, {"name": "When we enter the fullname", "status": "passed", "start": 1677791344085, "stop": 1677791345782}, {"name": "When we enter the address", "status": "passed", "start": 1677791345782, "stop": 1677791346846}, {"name": "When we enter the city", "status": "passed", "start": 1677791346846, "stop": 1677791347434}, {"name": "When we enter the state", "status": "passed", "start": 1677791347434, "stop": 1677791348610}, {"name": "When we enter the zipcode", "status": "passed", "start": 1677791348610, "stop": 1677791349683}, {"name": "When we enter the country", "status": "passed", "start": 1677791349683, "stop": 1677791350791}, {"name": "When we tap payment button", "status": "broken", "statusDetails": {"message": "selenium.common.exceptions.NoSuchElementException: Message: An element could not be located on the page using the given search parameters.\nStacktrace:\nNoSuchElementError: An element could not be located on the page using the given search parameters.\n    at AndroidUiautomator2Driver.findElOrEls (C:\\Program Files\\Appium Server GUI\\resources\\app\\node_modules\\appium\\node_modules\\appium-android-driver\\lib\\commands\\find.js:75:11)\n    at runMicrotasks (<anonymous>)\n    at processTicksAndRejections (internal/process/task_queues.js:97:5)\n    at AndroidUiautomator2Driver.findElOrElsWithProcessing (C:\\Program Files\\Appium Server GUI\\resources\\app\\node_modules\\appium\\node_modules\\appium-base-driver\\lib\\basedriver\\commands\\find.js:33:12)\n    at AndroidUiautomator2Driver.findElement (C:\\Program Files\\Appium Server GUI\\resources\\app\\node_modules\\appium\\node_modules\\appium-base-driver\\lib\\basedriver\\commands\\find.js:53:10)\n", "trace": "  File \"E:\\Users\\88433\\PycharmProjects\\AppiumAuto\\venv\\Lib\\site-packages\\behave\\model.py\", line 1329, in run\n    match.run(runner.context)\n  File \"E:\\Users\\88433\\PycharmProjects\\AppiumAuto\\venv\\Lib\\site-packages\\behave\\matchers.py\", line 98, in run\n    self.func(context, *args, **kwargs)\n  File \"E:\\Users\\88433\\PycharmProjects\\AppiumAuto\\Behave\\steps\\detail_product\\checkout_address_steps.py\", line 45, in step_impl\n    check_out.tap_element(*check_out.btn_to_payment)\n  File \"E:\\Users\\88433\\PycharmProjects\\AppiumAuto\\Behave\\utils\\common_actions.py\", line 19, in tap_element\n    action.tap(self.find_element(*locator)).perform()\n               ^^^^^^^^^^^^^^^^^^^^^^^^^^^\n  File \"E:\\Users\\88433\\PycharmProjects\\AppiumAuto\\Behave\\utils\\common_actions.py\", line 11, in find_element\n    return self.driver.find_element(*locator)\n           ^^^^^^^^^^^^^^^^^^^^^^^^^^^^^^^^^^\n  File \"E:\\Users\\88433\\PycharmProjects\\AppiumAuto\\venv\\Lib\\site-packages\\appium\\webdriver\\webdriver.py\", line 383, in find_element\n    return self.execute(RemoteCommand.FIND_ELEMENT, {'using': by, 'value': value})['value']\n           ^^^^^^^^^^^^^^^^^^^^^^^^^^^^^^^^^^^^^^^^^^^^^^^^^^^^^^^^^^^^^^^^^^^^^^^\n  File \"E:\\Users\\88433\\PycharmProjects\\AppiumAuto\\venv\\Lib\\site-packages\\selenium\\webdriver\\remote\\webdriver.py\", line 440, in execute\n    self.error_handler.check_response(response)\n  File \"E:\\Users\\88433\\PycharmProjects\\AppiumAuto\\venv\\Lib\\site-packages\\appium\\webdriver\\errorhandler.py\", line 30, in check_response\n    raise wde\n  File \"E:\\Users\\88433\\PycharmProjects\\AppiumAuto\\venv\\Lib\\site-packages\\appium\\webdriver\\errorhandler.py\", line 26, in check_response\n    super().check_response(response)\n  File \"E:\\Users\\88433\\PycharmProjects\\AppiumAuto\\venv\\Lib\\site-packages\\selenium\\webdriver\\remote\\errorhandler.py\", line 245, in check_response\n    raise exception_class(message, screen, stacktrace)\n"}, "start": 1677791350791, "stop": 1677791370895}, {"name": "When we enter the fullname to pay", "status": "skipped", "start": 1677791370899, "stop": 1677791370899}, {"name": "When we enter the card number", "status": "skipped", "start": 1677791370899, "stop": 1677791370899}, {"name": "When we enter the expiration date", "status": "skipped", "start": 1677791370899, "stop": 1677791370899}, {"name": "When we enter the security code", "status": "skipped", "start": 1677791370899, "stop": 1677791370899}, {"name": "When we tap review button", "status": "skipped", "start": 1677791370899, "stop": 1677791370899}], "start": 1677791322160, "stop": 1677791370899, "uuid": "fbcd5686-3b8a-4603-91c5-7ec143efe5e1", "historyId": "b8c939707f850e6d5dc142741d666521", "fullName": "Detail Product: validate_detail_product_select", "labels": [{"name": "severity", "value": "normal"}, {"name": "tag", "value": "e2e"}, {"name": "tag", "value": "smoke_Test"}, {"name": "feature", "value": "Detail Product"}, {"name": "framework", "value": "behave"}, {"name": "language", "value": "cpython3"}]}